Sat Jul  2 18:31:49 2016
World opened on network port 8082.
Welcome BYOND! (5.0 Beta Version 510.1340)
{"supermatter_endpoint":"ipc://@comm-byond","supermatter_id":"test"}
["UPDATE-STARTED"]
["UPDATE-COMPLETE"]
["PING"]
["PING"]
["PING"]
["PING"]
["PING"]
["PING"]
["PING"]
["PING"]
["PING"]
["PING"]
["PING"]
["PING"]
["PING"]
["PING"]
["PING"]
["PING"]
["PING"]
["PING"]
["PING"]
["PING"]
["PING"]
["PING"]
["PING"]
["PING"]
["PING"]
["PING"]
["PING"]
["PING"]
["PING"]
["PING"]
["PING"]
["PING"]
["PING"]
["PING"]
["PING"]
["PING"]
["PING"]
["PING"]
["PING"]
["PING"]
["PING"]
["PING"]
["PING"]
["PING"]
["PING"]
["PING"]
["PING"]
["PING"]
["PING"]
["PING"]
["PING"]
["PING"]
["PING"]
["PING"]
["PING"]
["PING"]
["PING"]
["PING"]
["PING"]
["PING"]
["PING"]
["PING"]
["PING"]
["PING"]
["PING"]
["PING"]
["PING"]
["PING"]
["PING"]
["PING"]
Sat Jul  2 18:33:38 2016
World opened on network port 8082.
Welcome BYOND! (5.0 Beta Version 510.1340)
{"supermatter_endpoint":"ipc://@comm-byond","supermatter_id":"test"}
["UPDATE-ERR","No update scripts defined"]
["PING"]
["PING"]
["PING"]
["PING"]
["PING"]
["PING"]
["PING"]
["PING"]
["PING"]
["PING"]
["PING"]
["PING"]
["PING"]
["PING"]
["PING"]
["PING"]
["PING"]
["PING"]
["PING"]
["PING"]
["PING"]
["PING"]
["PING"]
["PING"]
["PING"]
["PING"]
["PING"]
["PING"]
["PING"]
["PING"]
["PING"]
["PING"]
["PING"]
["PING"]
["PING"]
["PING"]
["PING"]
["PING"]
["PING"]
["PING"]
["PING"]
Sat Jul  2 18:42:42 2016
World opened on network port 8082.
Welcome BYOND! (5.0 Beta Version 510.1340)
{"supermatter_endpoint":"ipc://@comm-byond","supermatter_id":"test"}
["UPDATE-STARTED"]
["UPDATE-COMPLETE"]
Sat Jul  2 18:48:29 2016
World opened on network port 8082.
Welcome BYOND! (5.0 Beta Version 510.1340)
{"supermatter_endpoint":"ipc://@comm-byond","supermatter_id":"test"}
["UPDATE-STARTED"]
["UPDATE-COMPLETE"]
["PING"]
